Determining if the pthread_create exist failed with the following output:
Change Dir: /home/jun/Github/SmartWardrobe/build-SmartWardrobeGUI-Desktop-Default/CMakeFiles/CMakeTmp

Run Build Command:"/usr/bin/make" "cmTC_a647b/fast"
/usr/bin/make -f CMakeFiles/cmTC_a647b.dir/build.make CMakeFiles/cmTC_a647b.dir/build
make[1]: Entering directory '/home/jun/Github/SmartWardrobe/build-SmartWardrobeGUI-Desktop-Default/CMakeFiles/CMakeTmp'
Building CXX object CMakeFiles/cmTC_a647b.dir/CheckSymbolExists.cxx.o
/usr/bin/g++     -o CMakeFiles/cmTC_a647b.dir/CheckSymbolExists.cxx.o -c /home/jun/Github/SmartWardrobe/build-SmartWardrobeGUI-Desktop-Default/CMakeFiles/CMakeTmp/CheckSymbolExists.cxx
Linking CXX executable cmTC_a647b
/usr/bin/cmake -E cmake_link_script CMakeFiles/cmTC_a647b.dir/link.txt --verbose=1
/usr/bin/g++       CMakeFiles/cmTC_a647b.dir/CheckSymbolExists.cxx.o  -o cmTC_a647b 
CMakeFiles/cmTC_a647b.dir/CheckSymbolExists.cxx.o: In function `main':
CheckSymbolExists.cxx:(.text+0x14): undefined reference to `pthread_create'
CheckSymbolExists.cxx:(.text+0x18): undefined reference to `pthread_create'
collect2: error: ld returned 1 exit status
CMakeFiles/cmTC_a647b.dir/build.make:97: recipe for target 'cmTC_a647b' failed
make[1]: *** [cmTC_a647b] Error 1
make[1]: Leaving directory '/home/jun/Github/SmartWardrobe/build-SmartWardrobeGUI-Desktop-Default/CMakeFiles/CMakeTmp'
Makefile:126: recipe for target 'cmTC_a647b/fast' failed
make: *** [cmTC_a647b/fast] Error 2

File /home/jun/Github/SmartWardrobe/build-SmartWardrobeGUI-Desktop-Default/CMakeFiles/CMakeTmp/CheckSymbolExists.cxx:
/* */
#include <pthread.h>

int main(int argc, char** argv)
{
  (void)argv;
#ifndef pthread_create
  return ((int*)(&pthread_create))[argc];
#else
  (void)argc;
  return 0;
#endif
}

Determining if the function pthread_create exists in the pthreads failed with the following output:
Change Dir: /home/jun/Github/SmartWardrobe/build-SmartWardrobeGUI-Desktop-Default/CMakeFiles/CMakeTmp

Run Build Command:"/usr/bin/make" "cmTC_b4af1/fast"
/usr/bin/make -f CMakeFiles/cmTC_b4af1.dir/build.make CMakeFiles/cmTC_b4af1.dir/build
make[1]: Entering directory '/home/jun/Github/SmartWardrobe/build-SmartWardrobeGUI-Desktop-Default/CMakeFiles/CMakeTmp'
Building CXX object CMakeFiles/cmTC_b4af1.dir/CheckFunctionExists.cxx.o
/usr/bin/g++    -DCHECK_FUNCTION_EXISTS=pthread_create   -o CMakeFiles/cmTC_b4af1.dir/CheckFunctionExists.cxx.o -c /home/jun/Github/SmartWardrobe/build-SmartWardrobeGUI-Desktop-Default/CMakeFiles/CheckLibraryExists/CheckFunctionExists.cxx
Linking CXX executable cmTC_b4af1
/usr/bin/cmake -E cmake_link_script CMakeFiles/cmTC_b4af1.dir/link.txt --verbose=1
/usr/bin/g++   -DCHECK_FUNCTION_EXISTS=pthread_create    CMakeFiles/cmTC_b4af1.dir/CheckFunctionExists.cxx.o  -o cmTC_b4af1 -lpthreads 
/usr/bin/ld: cannot find -lpthreads
collect2: error: ld returned 1 exit status
CMakeFiles/cmTC_b4af1.dir/build.make:97: recipe for target 'cmTC_b4af1' failed
make[1]: *** [cmTC_b4af1] Error 1
make[1]: Leaving directory '/home/jun/Github/SmartWardrobe/build-SmartWardrobeGUI-Desktop-Default/CMakeFiles/CMakeTmp'
Makefile:126: recipe for target 'cmTC_b4af1/fast' failed
make: *** [cmTC_b4af1/fast] Error 2


